# JRE version: OpenJDK Runtime Environment Zulu14.29+23-CA (14.0.2+12) (build 14.0.2+12)
# Java VM: OpenJDK 64-Bit Server VM Zulu14.29+23-CA (14.0.2+12, mixed mode, sharing, tiered, compressed oops, g1 gc, linux-amd64)
Heap:
 garbage-first heap   total 86016K, used 62865K [0x0000000709800000, 0x0000000800000000)
  region size 1024K, 48 young (49152K), 2 survivors (2048K)
 Metaspace       used 29972K, capacity 31018K, committed 31280K, reserved 1077248K
  class space    used 3764K, capacity 4191K, committed 4224K, reserved 1048576K
GC Heap History (20 events):
Event: 4.421 GC heap before
{Heap before GC invocations=4 (full 0):
 garbage-first heap   total 65536K, used 63375K [0x0000000709800000, 0x0000000800000000)
  region size 1024K, 52 young (53248K), 6 survivors (6144K)
 Metaspace       used 22194K, capacity 23190K, committed 23344K, reserved 1069056K
  class space    used 3213K, capacity 3612K, committed 3712K, reserved 1048576K
}
Event: 4.429 GC heap after
{Heap after GC invocations=5 (full 0):
 garbage-first heap   total 71680K, used 16512K [0x0000000709800000, 0x0000000800000000)
  region size 1024K, 6 young (6144K), 6 survivors (6144K)
 Metaspace       used 22194K, capacity 23190K, committed 23344K, reserved 1069056K
  class space    used 3213K, capacity 3612K, committed 3712K, reserved 1048576K
}
Event: 4.530 GC heap before
{Heap before GC invocations=5 (full 0):
 garbage-first heap   total 71680K, used 50304K [0x0000000709800000, 0x0000000800000000)
  region size 1024K, 39 young (39936K), 6 survivors (6144K)
 Metaspace       used 22625K, capacity 23618K, committed 23984K, reserved 1069056K
  class space    used 3289K, capacity 3710K, committed 3840K, reserved 1048576K
}
Event: 4.538 GC heap after
{Heap after GC invocations=6 (full 0):
 garbage-first heap   total 71680K, used 16915K [0x0000000709800000, 0x0000000800000000)
  region size 1024K, 2 young (2048K), 2 survivors (2048K)
 Metaspace       used 22625K, capacity 23618K, committed 23984K, reserved 1069056K
  class space    used 3289K, capacity 3710K, committed 3840K, reserved 1048576K
}
Event: 7.977 GC heap before
{Heap before GC invocations=6 (full 0):
 garbage-first heap   total 71680K, used 51731K [0x0000000709800000, 0x0000000800000000)
  region size 1024K, 37 young (37888K), 2 survivors (2048K)
 Metaspace       used 24165K, capacity 25192K, committed 25520K, reserved 1071104K
  class space    used 3404K, capacity 3807K, committed 3840K, reserved 1048576K
}
Event: 7.978 GC heap after
{Heap after GC invocations=7 (full 0):
 garbage-first heap   total 86016K, used 16720K [0x0000000709800000, 0x0000000800000000)
  region size 1024K, 1 young (1024K), 1 survivors (1024K)
 Metaspace       used 24165K, capacity 25192K, committed 25520K, reserved 1071104K
  class space    used 3404K, capacity 3807K, committed 3840K, reserved 1048576K
}
Event: 8.251 GC heap before
{Heap before GC invocations=7 (full 0):
 garbage-first heap   total 86016K, used 72016K [0x0000000709800000, 0x0000000800000000)
  region size 1024K, 50 young (51200K), 1 survivors (1024K)
 Metaspace       used 27834K, capacity 28874K, committed 29232K, reserved 1075200K
  class space    used 3414K, capacity 3839K, committed 3968K, reserved 1048576K
}
Event: 8.252 GC heap after
{Heap after GC invocations=8 (full 0):
 garbage-first heap   total 86016K, used 16712K [0x0000000709800000, 0x0000000800000000)
  region size 1024K, 1 young (1024K), 1 survivors (1024K)
 Metaspace       used 27834K, capacity 28874K, committed 29232K, reserved 1075200K
  class space    used 3414K, capacity 3839K, committed 3968K, reserved 1048576K
}
Event: 8.344 GC heap before
{Heap before GC invocations=8 (full 0):
 garbage-first heap   total 86016K, used 66888K [0x0000000709800000, 0x0000000800000000)
  region size 1024K, 50 young (51200K), 1 survivors (1024K)
 Metaspace       used 27837K, capacity 28874K, committed 29232K, reserved 1075200K
  class space    used 3415K, capacity 3839K, committed 3968K, reserved 1048576K
}
Event: 8.346 GC heap after
{Heap after GC invocations=9 (full 0):
 garbage-first heap   total 86016K, used 16705K [0x0000000709800000, 0x0000000800000000)
  region size 1024K, 1 young (1024K), 1 survivors (1024K)
 Metaspace       used 27837K, capacity 28874K, committed 29232K, reserved 1075200K
  class space    used 3415K, capacity 3839K, committed 3968K, reserved 1048576K
}
Event: 8.399 GC heap before
{Heap before GC invocations=9 (full 0):
 garbage-first heap   total 86016K, used 66881K [0x0000000709800000, 0x0000000800000000)
  region size 1024K, 50 young (51200K), 1 survivors (1024K)
 Metaspace       used 27838K, capacity 28874K, committed 29232K, reserved 1075200K
  class space    used 3415K, capacity 3839K, committed 3968K, reserved 1048576K
}
Event: 8.401 GC heap after
{Heap after GC invocations=10 (full 0):
 garbage-first heap   total 86016K, used 16742K [0x0000000709800000, 0x0000000800000000)
  region size 1024K, 1 young (1024K), 1 survivors (1024K)
 Metaspace       used 27838K, capacity 28874K, committed 29232K, reserved 1075200K
  class space    used 3415K, capacity 3839K, committed 3968K, reserved 1048576K
}
Event: 8.452 GC heap before
{Heap before GC invocations=10 (full 0):
 garbage-first heap   total 86016K, used 66918K [0x0000000709800000, 0x0000000800000000)
  region size 1024K, 50 young (51200K), 1 survivors (1024K)
 Metaspace       used 27838K, capacity 28874K, committed 29232K, reserved 1075200K
  class space    used 3415K, capacity 3839K, committed 3968K, reserved 1048576K
}
Event: 8.454 GC heap after
{Heap after GC invocations=11 (full 0):
 garbage-first heap   total 86016K, used 16755K [0x0000000709800000, 0x0000000800000000)
  region size 1024K, 1 young (1024K), 1 survivors (1024K)
 Metaspace       used 27838K, capacity 28874K, committed 29232K, reserved 1075200K
  class space    used 3415K, capacity 3839K, committed 3968K, reserved 1048576K
}
Event: 8.508 GC heap before
{Heap before GC invocations=11 (full 0):
 garbage-first heap   total 86016K, used 66931K [0x0000000709800000, 0x0000000800000000)
  region size 1024K, 50 young (51200K), 1 survivors (1024K)
 Metaspace       used 27839K, capacity 28874K, committed 29232K, reserved 1075200K
  class space    used 3415K, capacity 3839K, committed 3968K, reserved 1048576K
}
Event: 8.510 GC heap after
{Heap after GC invocations=12 (full 0):
 garbage-first heap   total 86016K, used 16755K [0x0000000709800000, 0x0000000800000000)
  region size 1024K, 1 young (1024K), 1 survivors (1024K)
 Metaspace       used 27839K, capacity 28874K, committed 29232K, reserved 1075200K
  class space    used 3415K, capacity 3839K, committed 3968K, reserved 1048576K
}
Event: 8.561 GC heap before
{Heap before GC invocations=12 (full 0):
 garbage-first heap   total 86016K, used 66931K [0x0000000709800000, 0x0000000800000000)
  region size 1024K, 50 young (51200K), 1 survivors (1024K)
 Metaspace       used 27848K, capacity 28874K, committed 29232K, reserved 1075200K
  class space    used 3415K, capacity 3839K, committed 3968K, reserved 1048576K
}
Event: 8.562 GC heap after
{Heap after GC invocations=13 (full 0):
 garbage-first heap   total 86016K, used 16784K [0x0000000709800000, 0x0000000800000000)
  region size 1024K, 2 young (2048K), 2 survivors (2048K)
 Metaspace       used 27848K, capacity 28874K, committed 29232K, reserved 1075200K
  class space    used 3415K, capacity 3839K, committed 3968K, reserved 1048576K
}
Event: 8.618 GC heap before
{Heap before GC invocations=13 (full 0):
 garbage-first heap   total 86016K, used 65936K [0x0000000709800000, 0x0000000800000000)
  region size 1024K, 50 young (51200K), 2 survivors (2048K)
 Metaspace       used 27860K, capacity 28874K, committed 29232K, reserved 1075200K
  class space    used 3415K, capacity 3839K, committed 3968K, reserved 1048576K
}
Event: 8.619 GC heap after
{Heap after GC invocations=14 (full 0):
 garbage-first heap   total 86016K, used 16785K [0x0000000709800000, 0x0000000800000000)
  region size 1024K, 2 young (2048K), 2 survivors (2048K)
 Metaspace       used 27860K, capacity 28874K, committed 29232K, reserved 1075200K
  class space    used 3415K, capacity 3839K, committed 3968K, reserved 1048576K
}

